{"/home/scips/jsTotal/104/spa-test/app/models/collection.js":{"path":"/home/scips/jsTotal/104/spa-test/app/models/collection.js","s":{"1":1,"2":1,"3":0,"4":0,"5":4},"b":{},"f":{"1":0,"2":0,"3":4},"fnMap":{"1":{"name":"initialize","line":18,"loc":{"start":{"line":18,"column":13},"end":{"line":18,"column":35}}},"2":{"name":"collectionOnSync","line":19,"loc":{"start":{"line":19,"column":27},"end":{"line":19,"column":55}}},"3":{"name":"comparator","line":22,"loc":{"start":{"line":22,"column":14},"end":{"line":22,"column":40}}}},"statementMap":{"1":{"start":{"line":6,"column":0},"end":{"line":6,"column":35}},"2":{"start":{"line":12,"column":0},"end":{"line":25,"column":3}},"3":{"start":{"line":19,"column":4},"end":{"line":19,"column":58}},"4":{"start":{"line":20,"column":4},"end":{"line":20,"column":38}},"5":{"start":{"line":23,"column":4},"end":{"line":23,"column":39}}},"branchMap":{}},"/home/scips/jsTotal/104/spa-test/app/models/check_in.js":{"path":"/home/scips/jsTotal/104/spa-test/app/models/check_in.js","s":{"1":1,"2":1,"3":1,"4":0,"5":0,"6":0,"7":0},"b":{"1":[0,0]},"f":{"1":0},"fnMap":{"1":{"name":"(anonymous_1)","line":14,"loc":{"start":{"line":14,"column":8},"end":{"line":14,"column":41}}}},"statementMap":{"1":{"start":{"line":6,"column":0},"end":{"line":6,"column":35}},"2":{"start":{"line":7,"column":0},"end":{"line":7,"column":47}},"3":{"start":{"line":13,"column":0},"end":{"line":22,"column":3}},"4":{"start":{"line":15,"column":4},"end":{"line":15,"column":76}},"5":{"start":{"line":16,"column":4},"end":{"line":18,"column":5}},"6":{"start":{"line":17,"column":6},"end":{"line":17,"column":13}},"7":{"start":{"line":20,"column":4},"end":{"line":20,"column":49}}},"branchMap":{"1":{"line":16,"type":"if","locations":[{"start":{"line":16,"column":4},"end":{"line":16,"column":4}},{"start":{"line":16,"column":4},"end":{"line":16,"column":4}}]}}},"/home/scips/jsTotal/104/spa-test/app/lib/connectivity.js":{"path":"/home/scips/jsTotal/104/spa-test/app/lib/connectivity.js","s":{"1":1,"2":1,"3":1,"4":0,"5":1,"6":0,"7":1,"8":0,"9":0,"10":1,"11":0,"12":0,"13":0,"14":0,"15":1},"b":{"1":[0,0],"2":[0,1],"3":[1,0]},"f":{"1":0,"2":0,"3":0,"4":0},"fnMap":{"1":{"name":"(anonymous_1)","line":16,"loc":{"start":{"line":16,"column":15},"end":{"line":16,"column":26}}},"2":{"name":"(anonymous_2)","line":20,"loc":{"start":{"line":20,"column":16},"end":{"line":20,"column":27}}},"3":{"name":"checkStatus","line":24,"loc":{"start":{"line":24,"column":18},"end":{"line":24,"column":41}}},"4":{"name":"(anonymous_4)","line":30,"loc":{"start":{"line":30,"column":13},"end":{"line":30,"column":24}}}},"statementMap":{"1":{"start":{"line":6,"column":0},"end":{"line":6,"column":26}},"2":{"start":{"line":7,"column":0},"end":{"line":7,"column":35}},"3":{"start":{"line":16,"column":0},"end":{"line":18,"column":2}},"4":{"start":{"line":17,"column":2},"end":{"line":17,"column":14}},"5":{"start":{"line":20,"column":0},"end":{"line":22,"column":2}},"6":{"start":{"line":21,"column":2},"end":{"line":21,"column":21}},"7":{"start":{"line":24,"column":0},"end":{"line":27,"column":2}},"8":{"start":{"line":25,"column":2},"end":{"line":25,"column":89}},"9":{"start":{"line":26,"column":2},"end":{"line":26,"column":51}},"10":{"start":{"line":29,"column":0},"end":{"line":35,"column":1}},"11":{"start":{"line":30,"column":2},"end":{"line":32,"column":4}},"12":{"start":{"line":31,"column":4},"end":{"line":31,"column":28}},"13":{"start":{"line":33,"column":2},"end":{"line":33,"column":46}},"14":{"start":{"line":34,"column":2},"end":{"line":34,"column":16}},"15":{"start":{"line":37,"column":0},"end":{"line":40,"column":2}}},"branchMap":{"1":{"line":25,"type":"cond-expr","locations":[{"start":{"line":25,"column":41},"end":{"line":25,"column":62}},{"start":{"line":25,"column":65},"end":{"line":25,"column":87}}]},"2":{"line":29,"type":"if","locations":[{"start":{"line":29,"column":0},"end":{"line":29,"column":0}},{"start":{"line":29,"column":0},"end":{"line":29,"column":0}}]},"3":{"line":29,"type":"binary-expr","locations":[{"start":{"line":29,"column":4},"end":{"line":29,"column":36}},{"start":{"line":29,"column":40},"end":{"line":29,"column":61}}]}}}}