TN:
SF:/home/scips/jsTotal/104/spa-test/app/models/collection.js
FN:18,initialize
FN:19,collectionOnSync
FN:22,comparator
FNF:3
FNH:1
FNDA:0,initialize
FNDA:0,collectionOnSync
FNDA:4,comparator
DA:6,1
DA:12,1
DA:19,0
DA:20,0
DA:23,4
LF:5
LH:3
BRF:0
BRH:0
end_of_record
TN:
SF:/home/scips/jsTotal/104/spa-test/app/models/check_in.js
FN:14,(anonymous_1)
FNF:1
FNH:0
FNDA:0,(anonymous_1)
DA:6,1
DA:7,1
DA:13,1
DA:15,0
DA:16,0
DA:17,0
DA:20,0
LF:7
LH:3
BRDA:16,1,0,0
BRDA:16,1,1,0
BRF:2
BRH:0
end_of_record
TN:
SF:/home/scips/jsTotal/104/spa-test/app/lib/connectivity.js
FN:16,(anonymous_1)
FN:20,(anonymous_2)
FN:24,checkStatus
FN:30,(anonymous_4)
FNF:4
FNH:0
FNDA:0,(anonymous_1)
FNDA:0,(anonymous_2)
FNDA:0,checkStatus
FNDA:0,(anonymous_4)
DA:6,1
DA:7,1
DA:16,1
DA:17,0
DA:20,1
DA:21,0
DA:24,1
DA:25,0
DA:26,0
DA:29,1
DA:30,0
DA:31,0
DA:33,0
DA:34,0
DA:37,1
LF:15
LH:7
BRDA:25,1,0,0
BRDA:25,1,1,0
BRDA:29,2,0,0
BRDA:29,2,1,1
BRDA:29,3,0,1
BRDA:29,3,1,0
BRF:6
BRH:2
end_of_record
